{
  "stats": {
    "suites": 1,
    "tests": 2,
    "passes": 2,
    "pending": 0,
    "failures": 0,
    "start": "2023-07-16T13:45:38.002Z",
    "end": "2023-07-16T13:45:39.866Z",
    "duration": 1864,
    "testsRegistered": 2,
    "passPercent": 100,
    "pendingPercent": 0,
    "other": 0,
    "hasOther": false,
    "skipped": 0,
    "hasSkipped": false
  },
  "results": [
    {
      "uuid": "bf8df728-19d9-4ec4-b13d-809da4f010be",
      "title": "",
      "fullFile": "C:\\Users\\user\\OneDrive\\Dokumen\\latihan\\Api-Testing-test\\test\\api\\chaiAssert.js",
      "file": "\\test\\api\\chaiAssert.js",
      "beforeHooks": [],
      "afterHooks": [],
      "tests": [],
      "suites": [
        {
          "uuid": "ed6a03b4-ab51-4f54-9952-0d7f3ea101d8",
          "title": "Post request example",
          "fullFile": "C:\\Users\\user\\OneDrive\\Dokumen\\latihan\\Api-Testing-test\\test\\api\\chaiAssert.js",
          "file": "\\test\\api\\chaiAssert.js",
          "beforeHooks": [],
          "afterHooks": [],
          "tests": [
            {
              "title": "response status equal to 200",
              "fullTitle": "Post request example response status equal to 200",
              "timedOut": false,
              "duration": 1855,
              "state": "passed",
              "speed": "slow",
              "pass": true,
              "fail": false,
              "pending": false,
              "context": null,
              "code": "expect((await response).status).to.equal(200)",
              "err": {},
              "uuid": "ad332d8b-f03b-4d4d-a8d1-1f4952414aff",
              "parentUUID": "ed6a03b4-ab51-4f54-9952-0d7f3ea101d8",
              "isHook": false,
              "skipped": false
            },
            {
              "title": "response body to haveOwnProperty",
              "fullTitle": "Post request example response body to haveOwnProperty",
              "timedOut": false,
              "duration": 0,
              "state": "passed",
              "speed": "fast",
              "pass": true,
              "fail": false,
              "pending": false,
              "context": null,
              "code": "expect((await response).body).to.haveOwnProperty('message')",
              "err": {},
              "uuid": "ae85b15f-e677-4208-a4a5-64746b7e637b",
              "parentUUID": "ed6a03b4-ab51-4f54-9952-0d7f3ea101d8",
              "isHook": false,
              "skipped": false
            }
          ],
          "suites": [],
          "passes": [
            "ad332d8b-f03b-4d4d-a8d1-1f4952414aff",
            "ae85b15f-e677-4208-a4a5-64746b7e637b"
          ],
          "failures": [],
          "pending": [],
          "skipped": [],
          "duration": 1855,
          "root": false,
          "rootEmpty": false,
          "_timeout": 2000
        }
      ],
      "passes": [],
      "failures": [],
      "pending": [],
      "skipped": [],
      "duration": 0,
      "root": true,
      "rootEmpty": true,
      "_timeout": 2000
    }
  ],
  "meta": {
    "mocha": {
      "version": "10.2.0"
    },
    "mochawesome": {
      "options": {
        "quiet": false,
        "reportFilename": "mochawesome",
        "saveHtml": true,
        "saveJson": true,
        "consoleReporter": "spec",
        "useInlineDiffs": false,
        "code": true
      },
      "version": "7.1.3"
    },
    "marge": {
      "options": null,
      "version": "6.2.0"
    }
  }
}